<?xml version="1.0" encoding="UTF-8"?>
<!-- Generated by org.testng.reporters.JUnitReportReporter -->
<testsuite hostname="IN-OLX-PF2SH88V" failures="0" tests="1" name="AdvancedQuestions.DataProviderOrangeHRM" time="0.257" errors="0" timestamp="2024-07-27T11:45:48 IST" skipped="0">
  <testcase classname="AdvancedQuestions.DataProviderOrangeHRM" name="loginTest" time="0.257"/>
  <system-out/>
</testsuite> <!-- AdvancedQuestions.DataProviderOrangeHRM -->
