<?xml version="1.0" encoding="UTF-8"?>
<!-- Generated by org.testng.reporters.JUnitReportReporter -->
<testsuite hostname="IN-OLX-PF2SH88V" failures="0" tests="1" name="PracticeQuestins.DropDowns" time="0.064" errors="0" timestamp="2024-07-25T11:26:43 IST" skipped="0">
  <testcase classname="PracticeQuestins.DropDowns" name="dropDown" time="0.064"/>
</testsuite> <!-- PracticeQuestins.DropDowns -->
