<?xml version="1.0" encoding="UTF-8"?>
<!-- Generated by org.testng.reporters.JUnitReportReporter -->
<testsuite hostname="IN-OLX-PF2SH88V" failures="0" tests="1" name="PracticeQuestins.ScreenShots" time="3.734" errors="0" timestamp="2024-07-20T16:13:18 IST" skipped="0">
  <testcase classname="PracticeQuestins.ScreenShots" name="Take_Screenshot" time="3.734"/>
</testsuite> <!-- PracticeQuestins.ScreenShots -->
