<?xml version="1.0" encoding="UTF-8"?>
<!-- Generated by org.testng.reporters.JUnitReportReporter -->
<testsuite hostname="IN-OLX-PF2SH88V" failures="0" tests="1" name="PracticeQuestions.PracticeMultiWindowHandles" time="0.200" errors="0" timestamp="2024-08-01T20:17:37 IST" skipped="0">
  <testcase classname="PracticeQuestions.PracticeMultiWindowHandles" name="windowTest" time="0.200"/>
  <system-out/>
</testsuite> <!-- PracticeQuestions.PracticeMultiWindowHandles -->
